  PauseMenu.cpp
E:\School Files\6th Term\GDADPRG\HUD\Source Code\HO1\UI\PauseMenu.cpp(25,53): warning C4244: 'argument': conversion from 'T' to 'float', possible loss of data
          with
          [
              T=unsigned int
          ]
E:\School Files\6th Term\GDADPRG\HUD\Source Code\HO1\UI\PauseMenu.cpp(25,34): warning C4244: 'argument': conversion from 'T' to 'float', possible loss of data
          with
          [
              T=unsigned int
          ]
  HUD.cpp
E:\School Files\6th Term\GDADPRG\HUD\Source Code\HO1\UI\HUD.cpp(24,46): warning C4244: 'argument': conversion from 'T' to 'float', possible loss of data
          with
          [
              T=unsigned int
          ]
E:\School Files\6th Term\GDADPRG\HUD\Source Code\HO1\UI\HUD.cpp(24,31): warning C4244: 'argument': conversion from 'T' to 'float', possible loss of data
          with
          [
              T=unsigned int
          ]
  ApplicationManager.cpp
  UIButtonInputController.cpp
E:\School Files\6th Term\GDADPRG\HUD\Source Code\HO1\Components\UIButtonInputController.cpp(25,63): warning C4244: 'argument': conversion from 'int' to 'T', possible loss of data
          with
          [
              T=float
          ]
E:\School Files\6th Term\GDADPRG\HUD\Source Code\HO1\Components\UIButtonInputController.cpp(25,42): warning C4244: 'argument': conversion from 'int' to 'T', possible loss of data
          with
          [
              T=float
          ]
  BGMovement.cpp
  AirplaneSupportMovement.cpp
  AComponent.cpp
  AGameObject.cpp
  AirplanePlayer.cpp
E:\School Files\6th Term\GDADPRG\HUD\Source Code\HO1\AirplanePlayer.cpp(18,53): warning C4244: 'argument': conversion from 'T' to 'float', possible loss of data
          with
          [
              T=unsigned int
          ]
E:\School Files\6th Term\GDADPRG\HUD\Source Code\HO1\AirplanePlayer.cpp(18,34): warning C4244: 'argument': conversion from 'T' to 'float', possible loss of data
          with
          [
              T=unsigned int
          ]
  AirplaneSupport.cpp
  BGObject.cpp
  GenericInputController.cpp
  PlayerInputController.cpp
  PlayerMovement.cpp
  Entity.cpp
  FontManager.cpp
  Game.cpp
  GameObjectManager.cpp
E:\School Files\6th Term\GDADPRG\HUD\Source Code\HO1\GameObjectManager.cpp(31,30): warning C4267: 'return': conversion from 'size_t' to 'int', possible loss of data
  main.cpp
  Renderer.cpp
E:\School Files\6th Term\GDADPRG\HUD\Source Code\HO1\Components\Renderer.cpp(13,24): warning C4150: deletion of pointer to incomplete type 'sf::Drawable'; no destructor called
C:\SFML-2.5.1\include\SFML\Graphics\RenderTarget.hpp(45): message : see declaration of 'sf::Drawable'
  Compiling...
  MainMenuScreen.cpp
E:\School Files\6th Term\GDADPRG\HUD\Source Code\HO1\Screens\MainMenuScreen.cpp(25,50): warning C4244: 'argument': conversion from 'T' to 'float', possible loss of data
          with
          [
              T=unsigned int
          ]
E:\School Files\6th Term\GDADPRG\HUD\Source Code\HO1\Screens\MainMenuScreen.cpp(25,33): warning C4244: 'argument': conversion from 'T' to 'float', possible loss of data
          with
          [
              T=unsigned int
          ]
  TextureManager.cpp
  UIText.cpp
  UIButton.cpp
E:\School Files\6th Term\GDADPRG\HUD\Source Code\HO1\UI\UIButton.cpp(23,50): warning C4244: 'argument': conversion from 'T' to 'float', possible loss of data
          with
          [
              T=unsigned int
          ]
E:\School Files\6th Term\GDADPRG\HUD\Source Code\HO1\UI\UIButton.cpp(23,33): warning C4244: 'argument': conversion from 'T' to 'float', possible loss of data
          with
          [
              T=unsigned int
          ]
E:\School Files\6th Term\GDADPRG\HUD\Source Code\HO1\UI\UIButton.cpp(57,38): warning C4267: 'initializing': conversion from 'size_t' to 'int', possible loss of data
  Generating code
  796 of 802 functions (99.3%) were compiled, the rest were copied from previous compilation.
    189 functions were new in current compilation
    1 functions had inline decision re-evaluated but remain unchanged
  Finished generating code
  HO1.vcxproj -> E:\School Files\6th Term\GDADPRG\HUD\Source Code\x64\Release\HO1.exe
